{
  "RSpec": {
    "coverage": {
      "/api/app/models/user.rb": {
        "lines": [
          1,
          1,
          1,
          null,
          1,
          1,
          1,
          null,
          1,
          null
        ]
      },
      "/api/app/models/application_record.rb": {
        "lines": [
          1,
          1,
          null
        ]
      },
      "/api/app/controllers/api/v1/users_controller.rb": {
        "lines": [
          1,
          1,
          null,
          1,
          1,
          null,
          null,
          1,
          2,
          2,
          1,
          null,
          1,
          null,
          null,
          null,
          1,
          2,
          2,
          1,
          null,
          1,
          null,
          null,
          null,
          1,
          2,
          2,
          1,
          null,
          1,
          null,
          null,
          null,
          1,
          null,
          1,
          4,
          null,
          null
        ]
      },
      "/api/app/controllers/application_controller.rb": {
        "lines": [
          1,
          1,
          null
        ]
      },
      "/api/app/controllers/concerns/jwt_authenticatable.rb": {
        "lines": [
          1,
          1,
          null,
          1,
          1,
          null,
          null,
          1,
          8,
          8,
          null,
          5,
          null,
          null,
          5,
          5,
          null,
          5,
          null,
          null,
          0,
          null,
          null,
          null,
          1,
          null,
          1,
          0,
          0,
          0,
          0,
          null,
          null,
          1,
          3,
          null,
          null
        ]
      },
      "/api/app/models/task.rb": {
        "lines": [
          1,
          1,
          null
        ]
      },
      "/api/app/models/completed_task.rb": {
        "lines": [
          1,
          1,
          null
        ]
      },
      "/api/app/controllers/api/v1/health_check_controller.rb": {
        "lines": [
          0,
          0,
          0,
          0,
          0
        ],
        "branches": {}
      },
      "/api/app/controllers/api/v1/sessions_controller.rb": {
        "lines": [
          0,
          0,
          0,
          null,
          0,
          0,
          null,
          0,
          0,
          0,
          0,
          0,
          null,
          0,
          0,
          0,
          0
        ],
        "branches": {}
      },
      "/api/app/controllers/api/v1/tasks_controller.rb": {
        "lines": [
          0,
          0,
          0,
          null,
          0,
          0,
          0,
          0,
          0,
          0,
          null,
          0,
          0,
          null,
          0,
          0,
          0,
          0,
          0,
          0,
          null,
          0,
          0,
          null,
          0,
          0,
          0,
          0,
          0,
          0,
          0,
          0,
          null,
          0,
          0,
          0,
          0,
          0,
          0,
          0,
          null,
          0,
          0,
          null,
          0,
          0,
          0,
          0,
          0,
          0,
          null,
          0,
          null,
          0,
          0,
          0,
          0
        ],
        "branches": {}
      },
      "/api/app/jobs/application_job.rb": {
        "lines": [
          0,
          null,
          null,
          null,
          null,
          null,
          0
        ],
        "branches": {}
      },
      "/api/app/mailers/application_mailer.rb": {
        "lines": [
          0,
          0,
          0,
          0
        ],
        "branches": {}
      }
    },
    "timestamp": 1768209736
  }
}
